<?xml version="1.0" encoding="UTF-8"?>
<testsuite name="com.silviatanas.project.contract.api.CustomerTest" tests="1" skipped="0" failures="0" errors="0" timestamp="2023-05-26T13:10:13" hostname="SAG-FCLD8C3" time="0.001">
  <properties/>
  <testcase name="testEqualsHash()" classname="com.silviatanas.project.contract.api.CustomerTest" time="0.001"/>
  <system-out><![CDATA[]]></system-out>
  <system-err><![CDATA[]]></system-err>
</testsuite>
